[14-May-2021 15:37:50 UTC] PHP Fatal error:  Maximum execution time of 30 seconds exceeded in C:\inetpub\wwwroot\ambiencia\laravel\vendor\symfony\finder\Iterator\ExcludeDirectoryFilterIterator.php on line 76
[15-May-2021 13:28:58 UTC] PHP Warning:  Uncaught PDOException: SQLSTATE[08001]: [Microsoft][ODBC Driver 17 for SQL Server]TCP Provider: The wait operation timed out.
 in C:\inetpub\wwwroot\ambiencia\laravel\vendor\laravel\framework\src\Illuminate\Database\Connectors\Connector.php:70
Stack trace:
#0 C:\inetpub\wwwroot\ambiencia\laravel\vendor\laravel\framework\src\Illuminate\Database\Connectors\Connector.php(70): PDO->__construct('sqlsrv:Server=1...', 's553101', 'FoA9C5Sqrc', Array)
#1 C:\inetpub\wwwroot\ambiencia\laravel\vendor\laravel\framework\src\Illuminate\Database\Connectors\Connector.php(46): Illuminate\Database\Connectors\Connector->createPdoConnection('sqlsrv:Server=1...', 's553101', 'FoA9C5Sqrc', Array)
#2 C:\inetpub\wwwroot\ambiencia\laravel\vendor\laravel\framework\src\Illuminate\Database\Connectors\SqlServerConnector.php(32): Illuminate\Database\Connectors\Connector->createConnection('sqlsrv:Server=1...', Array, Array)
#3 C:\inetpub\wwwroot\ambiencia\laravel\vendor\laravel\framework\src\Illuminate\Database\Connectors\ConnectionFactory. in C:\inetpub\wwwroot\ambiencia\laravel\vendor\laravel\framework\src\Illuminate\Database\Connectors\Connector.php on line 70
[15-May-2021 13:28:58 UTC] PHP Fatal error:  Maximum execution time of 30 seconds exceeded in C:\inetpub\wwwroot\ambiencia\laravel\vendor\laravel\framework\src\Illuminate\Database\Connectors\Connector.php on line 46
[15-May-2021 16:17:10 UTC] PHP Warning:  Uncaught PDOException: SQLSTATE[08001]: [Microsoft][ODBC Driver 17 for SQL Server]TCP Provider: The wait operation timed out.
 in C:\inetpub\wwwroot\ambiencia\laravel\vendor\laravel\framework\src\Illuminate\Database\Connectors\Connector.php:70
Stack trace:
#0 C:\inetpub\wwwroot\ambiencia\laravel\vendor\laravel\framework\src\Illuminate\Database\Connectors\Connector.php(70): PDO->__construct('sqlsrv:Server=1...', 's553101', 'FoA9C5Sqrc', Array)
#1 C:\inetpub\wwwroot\ambiencia\laravel\vendor\laravel\framework\src\Illuminate\Database\Connectors\Connector.php(46): Illuminate\Database\Connectors\Connector->createPdoConnection('sqlsrv:Server=1...', 's553101', 'FoA9C5Sqrc', Array)
#2 C:\inetpub\wwwroot\ambiencia\laravel\vendor\laravel\framework\src\Illuminate\Database\Connectors\SqlServerConnector.php(32): Illuminate\Database\Connectors\Connector->createConnection('sqlsrv:Server=1...', Array, Array)
#3 C:\inetpub\wwwroot\ambiencia\laravel\vendor\laravel\framework\src\Illuminate\Database\Connectors\ConnectionFactory. in C:\inetpub\wwwroot\ambiencia\laravel\vendor\laravel\framework\src\Illuminate\Database\Connectors\Connector.php on line 70
[15-May-2021 16:17:10 UTC] PHP Fatal error:  Maximum execution time of 30 seconds exceeded in C:\inetpub\wwwroot\ambiencia\laravel\vendor\laravel\framework\src\Illuminate\Database\Connectors\Connector.php on line 46
[17-May-2021 18:06:50 UTC] PHP Fatal error:  Constant expression contains invalid operations in C:\inetpub\wwwroot\ambiencia\laravel\app\Http\Livewire\Agendamento\Cadastro.php on line 10
[17-May-2021 18:46:20 UTC] PHP Fatal error:  Constant expression contains invalid operations in C:\inetpub\wwwroot\ambiencia\laravel\app\Http\Livewire\Agendamento\Cadastro.php on line 24
[18-May-2021 12:10:18 America/Sao_Paulo] PHP Fatal error:  Cannot redeclare App\Models\Agendamento::tipo() in C:\inetpub\wwwroot\ambiencia\laravel\app\Models\Agendamento.php on line 74
[19-May-2021 11:40:55 America/Sao_Paulo] PHP Fatal error:  Allowed memory size of 134217728 bytes exhausted (tried to allocate 18890752 bytes) in C:\inetpub\wwwroot\ambiencia\laravel\vendor\symfony\var-dumper\Dumper\AbstractDumper.php on line 176
[19-May-2021 11:40:59 America/Sao_Paulo] PHP Fatal error:  Allowed memory size of 134217728 bytes exhausted (tried to allocate 23085056 bytes) in C:\inetpub\wwwroot\ambiencia\laravel\vendor\symfony\var-dumper\Dumper\AbstractDumper.php on line 176
[19-May-2021 11:41:04 America/Sao_Paulo] PHP Fatal error:  Allowed memory size of 134217728 bytes exhausted (tried to allocate 27279360 bytes) in C:\inetpub\wwwroot\ambiencia\laravel\vendor\symfony\var-dumper\Dumper\AbstractDumper.php on line 176
[19-May-2021 11:44:04 America/Sao_Paulo] PHP Fatal error:  Allowed memory size of 134217728 bytes exhausted (tried to allocate 69632 bytes) in C:\inetpub\wwwroot\ambiencia\laravel\vendor\laravel\framework\src\Illuminate\Database\Query\Builder.php on line 3218
[20-May-2021 15:55:19 America/Sao_Paulo] PHP Fatal error:  Trait 'App\Models\SoftDeletes' not found in C:\inetpub\wwwroot\ambiencia\laravel\app\Models\ChecklistItem.php on line 11
[24-May-2021 16:38:18 America/Sao_Paulo] PHP Fatal error:  Allowed memory size of 134217728 bytes exhausted (tried to allocate 81920 bytes) in C:\inetpub\wwwroot\ambiencia\laravel\vendor\laravel\framework\src\Illuminate\Database\Query\Builder.php on line 1082
[24-May-2021 16:38:21 America/Sao_Paulo] PHP Fatal error:  Allowed memory size of 134217728 bytes exhausted (tried to allocate 262144 bytes) in C:\inetpub\wwwroot\ambiencia\laravel\app\Scopes\UsuarioUnidadeScope.php on line 41
[24-May-2021 16:38:25 America/Sao_Paulo] PHP Fatal error:  Allowed memory size of 134217728 bytes exhausted (tried to allocate 81920 bytes) in C:\inetpub\wwwroot\ambiencia\laravel\vendor\laravel\framework\src\Illuminate\Database\Eloquent\Builder.php on line 1265
[24-May-2021 16:38:37 America/Sao_Paulo] PHP Fatal error:  Allowed memory size of 134217728 bytes exhausted (tried to allocate 81920 bytes) in C:\inetpub\wwwroot\ambiencia\laravel\vendor\laravel\framework\src\Illuminate\Database\Eloquent\Builder.php on line 1265
[24-May-2021 16:38:38 America/Sao_Paulo] PHP Fatal error:  Allowed memory size of 134217728 bytes exhausted (tried to allocate 40960 bytes) in C:\inetpub\wwwroot\ambiencia\laravel\vendor\laravel\framework\src\Illuminate\Database\Query\Builder.php on line 1082
[24-May-2021 16:38:43 America/Sao_Paulo] PHP Fatal error:  Allowed memory size of 134217728 bytes exhausted (tried to allocate 81920 bytes) in C:\inetpub\wwwroot\ambiencia\laravel\vendor\laravel\framework\src\Illuminate\Database\Query\Builder.php on line 1082
[24-May-2021 16:38:58 America/Sao_Paulo] PHP Fatal error:  Allowed memory size of 134217728 bytes exhausted (tried to allocate 81920 bytes) in C:\inetpub\wwwroot\ambiencia\laravel\vendor\laravel\framework\src\Illuminate\Database\Eloquent\Builder.php on line 1265
[24-May-2021 16:39:02 America/Sao_Paulo] PHP Fatal error:  Allowed memory size of 134217728 bytes exhausted (tried to allocate 81920 bytes) in C:\inetpub\wwwroot\ambiencia\laravel\vendor\laravel\framework\src\Illuminate\Database\Eloquent\Builder.php on line 1265
[24-May-2021 16:39:16 America/Sao_Paulo] PHP Fatal error:  Allowed memory size of 134217728 bytes exhausted (tried to allocate 163840 bytes) in C:\inetpub\wwwroot\ambiencia\laravel\vendor\laravel\framework\src\Illuminate\Database\Eloquent\Builder.php on line 1265
[24-May-2021 16:39:21 America/Sao_Paulo] PHP Fatal error:  Allowed memory size of 134217728 bytes exhausted (tried to allocate 135168 bytes) in C:\inetpub\wwwroot\ambiencia\laravel\vendor\laravel\framework\src\Illuminate\Collections\Arr.php on line 429
[24-May-2021 16:39:22 America/Sao_Paulo] PHP Fatal error:  Allowed memory size of 134217728 bytes exhausted (tried to allocate 135168 bytes) in C:\inetpub\wwwroot\ambiencia\laravel\vendor\laravel\framework\src\Illuminate\Database\Eloquent\Builder.php on line 1238
[24-May-2021 16:39:30 America/Sao_Paulo] PHP Fatal error:  Allowed memory size of 134217728 bytes exhausted (tried to allocate 163840 bytes) in C:\inetpub\wwwroot\ambiencia\laravel\vendor\laravel\framework\src\Illuminate\Database\Eloquent\Builder.php on line 1265
[24-May-2021 16:39:33 America/Sao_Paulo] PHP Fatal error:  Allowed memory size of 134217728 bytes exhausted (tried to allocate 163840 bytes) in C:\inetpub\wwwroot\ambiencia\laravel\vendor\laravel\framework\src\Illuminate\Database\Eloquent\Builder.php on line 1265
[25-May-2021 16:22:33 America/Sao_Paulo] PHP Fatal error:  Maximum execution time of 30 seconds exceeded in C:\inetpub\wwwroot\ambiencia\laravel\vendor\doctrine\dbal\lib\Doctrine\DBAL\Driver\PDOStatement.php on line 112
[25-May-2021 16:23:38 America/Sao_Paulo] PHP Fatal error:  Maximum execution time of 30 seconds exceeded in C:\inetpub\wwwroot\ambiencia\laravel\vendor\doctrine\dbal\lib\Doctrine\DBAL\Driver\PDOStatement.php on line 112
[25-May-2021 16:29:52 America/Sao_Paulo] PHP Warning:  Uncaught PDOException: SQLSTATE[08S01]: [Microsoft][ODBC Driver 17 for SQL Server]TCP Provider: An existing connection was forcibly closed by the remote host.
 in C:\inetpub\wwwroot\ambiencia\laravel\vendor\doctrine\dbal\lib\Doctrine\DBAL\Driver\PDOStatement.php:112
Stack trace:
#0 C:\inetpub\wwwroot\ambiencia\laravel\vendor\doctrine\dbal\lib\Doctrine\DBAL\Driver\PDOStatement.php(112): PDOStatement->execute(NULL)
#1 C:\inetpub\wwwroot\ambiencia\laravel\vendor\laravel\framework\src\Illuminate\Database\Connection.php(343): Doctrine\DBAL\Driver\PDOStatement->execute()
#2 C:\inetpub\wwwroot\ambiencia\laravel\vendor\laravel\framework\src\Illuminate\Database\Connection.php(671): Illuminate\Database\Connection->Illuminate\Database\{closure}('select * from [...', Array)
#3 C:\inetpub\wwwroot\ambiencia\laravel\vendor\laravel\framework\src\Illuminate\Database\Connection.php(638): Illuminate\Database\Connection->runQueryCallback('select * from [...', Array, Object(Closure))
#4 C:\inetpub\wwwroot\ambiencia\laravel\vendo in C:\inetpub\wwwroot\ambiencia\laravel\vendor\doctrine\dbal\lib\Doctrine\DBAL\Driver\PDOStatement.php on line 112
[25-May-2021 16:29:52 America/Sao_Paulo] PHP Fatal error:  Maximum execution time of 30 seconds exceeded in C:\inetpub\wwwroot\ambiencia\laravel\vendor\doctrine\dbal\lib\Doctrine\DBAL\Driver\PDOStatement.php on line 113
[26-May-2021 16:25:27 UTC] PHP Warning:  require(C:\inetpub\wwwroot\ambiencia\laravel\vendor\composer/../barryvdh/laravel-debugbar/src/helpers.php): failed to open stream: No such file or directory in C:\inetpub\wwwroot\ambiencia\laravel\vendor\composer\autoload_real.php on line 71
[26-May-2021 16:25:27 UTC] PHP Fatal error:  require(): Failed opening required 'C:\inetpub\wwwroot\ambiencia\laravel\vendor\composer/../barryvdh/laravel-debugbar/src/helpers.php' (include_path='.;C:\php\pear') in C:\inetpub\wwwroot\ambiencia\laravel\vendor\composer\autoload_real.php on line 71
[26-May-2021 15:31:01 America/Sao_Paulo] PHP Fatal error:  Allowed memory size of 134217728 bytes exhausted (tried to allocate 62914592 bytes) in C:\inetpub\wwwroot\ambiencia\laravel\vendor\maximebf\debugbar\src\DebugBar\JavascriptRenderer.php on line 1148
[26-May-2021 15:31:17 America/Sao_Paulo] PHP Fatal error:  Allowed memory size of 134217728 bytes exhausted (tried to allocate 62914592 bytes) in C:\inetpub\wwwroot\ambiencia\laravel\vendor\maximebf\debugbar\src\DebugBar\JavascriptRenderer.php on line 1148
[26-May-2021 15:32:28 America/Sao_Paulo] PHP Fatal error:  Allowed memory size of 134217728 bytes exhausted (tried to allocate 62914592 bytes) in C:\inetpub\wwwroot\ambiencia\laravel\vendor\maximebf\debugbar\src\DebugBar\JavascriptRenderer.php on line 1148
[27-May-2021 13:01:42 America/Sao_Paulo] PHP Fatal error:  Can't use method return value in write context in C:\inetpub\wwwroot\ambiencia\laravel\storage\framework\views\15e38346a329e5a99a18ed74cfc3c1b8f3618e85.php on line 3
[01-Jun-2021 07:34:33 America/Sao_Paulo] PHP Warning:  Uncaught PDOException: SQLSTATE[08001]: [Microsoft][ODBC Driver 17 for SQL Server]TCP Provider: The wait operation timed out.
 in C:\inetpub\wwwroot\ambiencia\laravel\vendor\doctrine\dbal\lib\Doctrine\DBAL\Driver\PDOConnection.php:39
Stack trace:
#0 C:\inetpub\wwwroot\ambiencia\laravel\vendor\doctrine\dbal\lib\Doctrine\DBAL\Driver\PDOConnection.php(39): PDO->__construct('sqlsrv:Server=1...', 's553101', 'FoA9C5Sqrc', Array)
#1 C:\inetpub\wwwroot\ambiencia\laravel\vendor\laravel\framework\src\Illuminate\Database\Connectors\Connector.php(67): Doctrine\DBAL\Driver\PDOConnection->__construct('sqlsrv:Server=1...', 's553101', 'FoA9C5Sqrc', Array)
#2 C:\inetpub\wwwroot\ambiencia\laravel\vendor\laravel\framework\src\Illuminate\Database\Connectors\Connector.php(46): Illuminate\Database\Connectors\Connector->createPdoConnection('sqlsrv:Server=1...', 's553101', 'FoA9C5Sqrc', Array)
#3 C:\inetpub\wwwroot\ambiencia\laravel\vendor\laravel\framework\src\Illuminate\Database\Connectors\SqlServerConnector.php(32): Illuminate\D in C:\inetpub\wwwroot\ambiencia\laravel\vendor\doctrine\dbal\lib\Doctrine\DBAL\Driver\PDOConnection.php on line 39
[01-Jun-2021 07:34:33 America/Sao_Paulo] PHP Fatal error:  Maximum execution time of 30 seconds exceeded in C:\inetpub\wwwroot\ambiencia\laravel\vendor\doctrine\dbal\lib\Doctrine\DBAL\Driver\PDOConnection.php on line 42
[01-Jun-2021 07:36:30 America/Sao_Paulo] PHP Warning:  Uncaught PDOException: SQLSTATE[08001]: [Microsoft][ODBC Driver 17 for SQL Server]TCP Provider: The wait operation timed out.
 in C:\inetpub\wwwroot\ambiencia\laravel\vendor\doctrine\dbal\lib\Doctrine\DBAL\Driver\PDOConnection.php:39
Stack trace:
#0 C:\inetpub\wwwroot\ambiencia\laravel\vendor\doctrine\dbal\lib\Doctrine\DBAL\Driver\PDOConnection.php(39): PDO->__construct('sqlsrv:Server=1...', 's553101', 'FoA9C5Sqrc', Array)
#1 C:\inetpub\wwwroot\ambiencia\laravel\vendor\laravel\framework\src\Illuminate\Database\Connectors\Connector.php(67): Doctrine\DBAL\Driver\PDOConnection->__construct('sqlsrv:Server=1...', 's553101', 'FoA9C5Sqrc', Array)
#2 C:\inetpub\wwwroot\ambiencia\laravel\vendor\laravel\framework\src\Illuminate\Database\Connectors\Connector.php(46): Illuminate\Database\Connectors\Connector->createPdoConnection('sqlsrv:Server=1...', 's553101', 'FoA9C5Sqrc', Array)
#3 C:\inetpub\wwwroot\ambiencia\laravel\vendor\laravel\framework\src\Illuminate\Database\Connectors\SqlServerConnector.php(32): Illuminate\D in C:\inetpub\wwwroot\ambiencia\laravel\vendor\doctrine\dbal\lib\Doctrine\DBAL\Driver\PDOConnection.php on line 39
[01-Jun-2021 07:36:30 America/Sao_Paulo] PHP Fatal error:  Maximum execution time of 30 seconds exceeded in C:\inetpub\wwwroot\ambiencia\laravel\vendor\doctrine\dbal\lib\Doctrine\DBAL\Driver\PDOConnection.php on line 42
[01-Jun-2021 11:25:34 America/Sao_Paulo] PHP Warning:  Uncaught PDOException: SQLSTATE[08001]: [Microsoft][ODBC Driver 17 for SQL Server]TCP Provider: The wait operation timed out.
 in C:\inetpub\wwwroot\ambiencia\laravel\vendor\doctrine\dbal\lib\Doctrine\DBAL\Driver\PDOConnection.php:39
Stack trace:
#0 C:\inetpub\wwwroot\ambiencia\laravel\vendor\doctrine\dbal\lib\Doctrine\DBAL\Driver\PDOConnection.php(39): PDO->__construct('sqlsrv:Server=1...', 's553101', 'FoA9C5Sqrc', Array)
#1 C:\inetpub\wwwroot\ambiencia\laravel\vendor\laravel\framework\src\Illuminate\Database\Connectors\Connector.php(67): Doctrine\DBAL\Driver\PDOConnection->__construct('sqlsrv:Server=1...', 's553101', 'FoA9C5Sqrc', Array)
#2 C:\inetpub\wwwroot\ambiencia\laravel\vendor\laravel\framework\src\Illuminate\Database\Connectors\Connector.php(46): Illuminate\Database\Connectors\Connector->createPdoConnection('sqlsrv:Server=1...', 's553101', 'FoA9C5Sqrc', Array)
#3 C:\inetpub\wwwroot\ambiencia\laravel\vendor\laravel\framework\src\Illuminate\Database\Connectors\SqlServerConnector.php(32): Illuminate\D in C:\inetpub\wwwroot\ambiencia\laravel\vendor\doctrine\dbal\lib\Doctrine\DBAL\Driver\PDOConnection.php on line 39
[01-Jun-2021 11:25:34 America/Sao_Paulo] PHP Fatal error:  Maximum execution time of 30 seconds exceeded in C:\inetpub\wwwroot\ambiencia\laravel\vendor\doctrine\dbal\lib\Doctrine\DBAL\Driver\PDOConnection.php on line 42
[07-Jun-2021 11:34:24 America/Sao_Paulo] PHP Warning:  Uncaught PDOException: SQLSTATE[08001]: [Microsoft][ODBC Driver 17 for SQL Server]TCP Provider: The wait operation timed out.
 in C:\inetpub\wwwroot\ambiencia\laravel\vendor\doctrine\dbal\lib\Doctrine\DBAL\Driver\PDOConnection.php:39
Stack trace:
#0 C:\inetpub\wwwroot\ambiencia\laravel\vendor\doctrine\dbal\lib\Doctrine\DBAL\Driver\PDOConnection.php(39): PDO->__construct('sqlsrv:Server=1...', 's553101', 'FoA9C5Sqrc', Array)
#1 C:\inetpub\wwwroot\ambiencia\laravel\vendor\laravel\framework\src\Illuminate\Database\Connectors\Connector.php(67): Doctrine\DBAL\Driver\PDOConnection->__construct('sqlsrv:Server=1...', 's553101', 'FoA9C5Sqrc', Array)
#2 C:\inetpub\wwwroot\ambiencia\laravel\vendor\laravel\framework\src\Illuminate\Database\Connectors\Connector.php(46): Illuminate\Database\Connectors\Connector->createPdoConnection('sqlsrv:Server=1...', 's553101', 'FoA9C5Sqrc', Array)
#3 C:\inetpub\wwwroot\ambiencia\laravel\vendor\laravel\framework\src\Illuminate\Database\Connectors\SqlServerConnector.php(32): Illuminate\D in C:\inetpub\wwwroot\ambiencia\laravel\vendor\doctrine\dbal\lib\Doctrine\DBAL\Driver\PDOConnection.php on line 39
[07-Jun-2021 11:34:24 America/Sao_Paulo] PHP Fatal error:  Maximum execution time of 30 seconds exceeded in C:\inetpub\wwwroot\ambiencia\laravel\vendor\doctrine\dbal\lib\Doctrine\DBAL\Driver\PDOConnection.php on line 42
[07-Jun-2021 14:00:40 America/Sao_Paulo] PHP Warning:  Uncaught PDOException: SQLSTATE[08001]: [Microsoft][ODBC Driver 17 for SQL Server]TCP Provider: The wait operation timed out.
 in C:\inetpub\wwwroot\ambiencia\laravel\vendor\doctrine\dbal\lib\Doctrine\DBAL\Driver\PDOConnection.php:39
Stack trace:
#0 C:\inetpub\wwwroot\ambiencia\laravel\vendor\doctrine\dbal\lib\Doctrine\DBAL\Driver\PDOConnection.php(39): PDO->__construct('sqlsrv:Server=1...', 's553101', 'FoA9C5Sqrc', Array)
#1 C:\inetpub\wwwroot\ambiencia\laravel\vendor\laravel\framework\src\Illuminate\Database\Connectors\Connector.php(67): Doctrine\DBAL\Driver\PDOConnection->__construct('sqlsrv:Server=1...', 's553101', 'FoA9C5Sqrc', Array)
#2 C:\inetpub\wwwroot\ambiencia\laravel\vendor\laravel\framework\src\Illuminate\Database\Connectors\Connector.php(46): Illuminate\Database\Connectors\Connector->createPdoConnection('sqlsrv:Server=1...', 's553101', 'FoA9C5Sqrc', Array)
#3 C:\inetpub\wwwroot\ambiencia\laravel\vendor\laravel\framework\src\Illuminate\Database\Connectors\SqlServerConnector.php(32): Illuminate\D in C:\inetpub\wwwroot\ambiencia\laravel\vendor\doctrine\dbal\lib\Doctrine\DBAL\Driver\PDOConnection.php on line 39
[07-Jun-2021 14:00:41 America/Sao_Paulo] PHP Fatal error:  Maximum execution time of 30 seconds exceeded in C:\inetpub\wwwroot\ambiencia\laravel\vendor\doctrine\dbal\lib\Doctrine\DBAL\Driver\PDOConnection.php on line 42
[09-Jun-2021 13:26:28 America/Sao_Paulo] PHP Fatal error:  Allowed memory size of 134217728 bytes exhausted (tried to allocate 94208 bytes) in C:\inetpub\wwwroot\ambiencia\laravel\vendor\doctrine\dbal\lib\Doctrine\DBAL\Driver\PDOStatement.php on line 255
[09-Jun-2021 13:27:05 America/Sao_Paulo] PHP Fatal error:  Allowed memory size of 134217728 bytes exhausted (tried to allocate 81920 bytes) in C:\inetpub\wwwroot\ambiencia\laravel\vendor\doctrine\dbal\lib\Doctrine\DBAL\Driver\PDOStatement.php on line 255
[10-Jun-2021 11:19:17 America/Sao_Paulo] PHP Warning:  Uncaught PDOException: SQLSTATE[08001]: [Microsoft][ODBC Driver 17 for SQL Server]TCP Provider: The wait operation timed out.
 in C:\inetpub\wwwroot\ambiencia\laravel\vendor\doctrine\dbal\lib\Doctrine\DBAL\Driver\PDOConnection.php:39
Stack trace:
#0 C:\inetpub\wwwroot\ambiencia\laravel\vendor\doctrine\dbal\lib\Doctrine\DBAL\Driver\PDOConnection.php(39): PDO->__construct('sqlsrv:Server=1...', 's553101', 'FoA9C5Sqrc', Array)
#1 C:\inetpub\wwwroot\ambiencia\laravel\vendor\laravel\framework\src\Illuminate\Database\Connectors\Connector.php(67): Doctrine\DBAL\Driver\PDOConnection->__construct('sqlsrv:Server=1...', 's553101', 'FoA9C5Sqrc', Array)
#2 C:\inetpub\wwwroot\ambiencia\laravel\vendor\laravel\framework\src\Illuminate\Database\Connectors\Connector.php(46): Illuminate\Database\Connectors\Connector->createPdoConnection('sqlsrv:Server=1...', 's553101', 'FoA9C5Sqrc', Array)
#3 C:\inetpub\wwwroot\ambiencia\laravel\vendor\laravel\framework\src\Illuminate\Database\Connectors\SqlServerConnector.php(32): Illuminate\D in C:\inetpub\wwwroot\ambiencia\laravel\vendor\doctrine\dbal\lib\Doctrine\DBAL\Driver\PDOConnection.php on line 39
[10-Jun-2021 11:19:17 America/Sao_Paulo] PHP Fatal error:  Maximum execution time of 30 seconds exceeded in C:\inetpub\wwwroot\ambiencia\laravel\vendor\doctrine\dbal\lib\Doctrine\DBAL\Driver\PDOConnection.php on line 42
[10-Jun-2021 14:12:33 America/Sao_Paulo] PHP Warning:  Uncaught PDOException: SQLSTATE[08001]: [Microsoft][ODBC Driver 17 for SQL Server]TCP Provider: The wait operation timed out.
 in C:\inetpub\wwwroot\ambiencia\laravel\vendor\doctrine\dbal\lib\Doctrine\DBAL\Driver\PDOConnection.php:39
Stack trace:
#0 C:\inetpub\wwwroot\ambiencia\laravel\vendor\doctrine\dbal\lib\Doctrine\DBAL\Driver\PDOConnection.php(39): PDO->__construct('sqlsrv:Server=1...', 's553101', 'FoA9C5Sqrc', Array)
#1 C:\inetpub\wwwroot\ambiencia\laravel\vendor\laravel\framework\src\Illuminate\Database\Connectors\Connector.php(67): Doctrine\DBAL\Driver\PDOConnection->__construct('sqlsrv:Server=1...', 's553101', 'FoA9C5Sqrc', Array)
#2 C:\inetpub\wwwroot\ambiencia\laravel\vendor\laravel\framework\src\Illuminate\Database\Connectors\Connector.php(46): Illuminate\Database\Connectors\Connector->createPdoConnection('sqlsrv:Server=1...', 's553101', 'FoA9C5Sqrc', Array)
#3 C:\inetpub\wwwroot\ambiencia\laravel\vendor\laravel\framework\src\Illuminate\Database\Connectors\SqlServerConnector.php(32): Illuminate\D in C:\inetpub\wwwroot\ambiencia\laravel\vendor\doctrine\dbal\lib\Doctrine\DBAL\Driver\PDOConnection.php on line 39
[10-Jun-2021 14:12:33 America/Sao_Paulo] PHP Fatal error:  Maximum execution time of 30 seconds exceeded in C:\inetpub\wwwroot\ambiencia\laravel\vendor\doctrine\dbal\lib\Doctrine\DBAL\Driver\PDOConnection.php on line 42
[10-Jun-2021 14:13:21 America/Sao_Paulo] PHP Warning:  Uncaught PDOException: SQLSTATE[08001]: [Microsoft][ODBC Driver 17 for SQL Server]TCP Provider: The wait operation timed out.
 in C:\inetpub\wwwroot\ambiencia\laravel\vendor\doctrine\dbal\lib\Doctrine\DBAL\Driver\PDOConnection.php:39
Stack trace:
#0 C:\inetpub\wwwroot\ambiencia\laravel\vendor\doctrine\dbal\lib\Doctrine\DBAL\Driver\PDOConnection.php(39): PDO->__construct('sqlsrv:Server=1...', 's553101', 'FoA9C5Sqrc', Array)
#1 C:\inetpub\wwwroot\ambiencia\laravel\vendor\laravel\framework\src\Illuminate\Database\Connectors\Connector.php(67): Doctrine\DBAL\Driver\PDOConnection->__construct('sqlsrv:Server=1...', 's553101', 'FoA9C5Sqrc', Array)
#2 C:\inetpub\wwwroot\ambiencia\laravel\vendor\laravel\framework\src\Illuminate\Database\Connectors\Connector.php(46): Illuminate\Database\Connectors\Connector->createPdoConnection('sqlsrv:Server=1...', 's553101', 'FoA9C5Sqrc', Array)
#3 C:\inetpub\wwwroot\ambiencia\laravel\vendor\laravel\framework\src\Illuminate\Database\Connectors\SqlServerConnector.php(32): Illuminate\D in C:\inetpub\wwwroot\ambiencia\laravel\vendor\doctrine\dbal\lib\Doctrine\DBAL\Driver\PDOConnection.php on line 39
[10-Jun-2021 14:13:21 America/Sao_Paulo] PHP Fatal error:  Maximum execution time of 30 seconds exceeded in C:\inetpub\wwwroot\ambiencia\laravel\vendor\doctrine\dbal\lib\Doctrine\DBAL\Driver\PDOConnection.php on line 42
[11-Jun-2021 10:59:34 America/Sao_Paulo] PHP Warning:  Uncaught PDOException: SQLSTATE[08001]: [Microsoft][ODBC Driver 17 for SQL Server]TCP Provider: The wait operation timed out.
 in C:\inetpub\wwwroot\ambiencia\laravel\vendor\doctrine\dbal\lib\Doctrine\DBAL\Driver\PDOConnection.php:39
Stack trace:
#0 C:\inetpub\wwwroot\ambiencia\laravel\vendor\doctrine\dbal\lib\Doctrine\DBAL\Driver\PDOConnection.php(39): PDO->__construct('sqlsrv:Server=1...', 's553101', 'FoA9C5Sqrc', Array)
#1 C:\inetpub\wwwroot\ambiencia\laravel\vendor\laravel\framework\src\Illuminate\Database\Connectors\Connector.php(67): Doctrine\DBAL\Driver\PDOConnection->__construct('sqlsrv:Server=1...', 's553101', 'FoA9C5Sqrc', Array)
#2 C:\inetpub\wwwroot\ambiencia\laravel\vendor\laravel\framework\src\Illuminate\Database\Connectors\Connector.php(46): Illuminate\Database\Connectors\Connector->createPdoConnection('sqlsrv:Server=1...', 's553101', 'FoA9C5Sqrc', Array)
#3 C:\inetpub\wwwroot\ambiencia\laravel\vendor\laravel\framework\src\Illuminate\Database\Connectors\SqlServerConnector.php(32): Illuminate\D in C:\inetpub\wwwroot\ambiencia\laravel\vendor\doctrine\dbal\lib\Doctrine\DBAL\Driver\PDOConnection.php on line 39
[11-Jun-2021 10:59:34 America/Sao_Paulo] PHP Fatal error:  Maximum execution time of 30 seconds exceeded in C:\inetpub\wwwroot\ambiencia\laravel\vendor\doctrine\dbal\lib\Doctrine\DBAL\Driver\PDOConnection.php on line 42
[14-Jun-2021 11:34:26 America/Sao_Paulo] PHP Warning:  Uncaught PDOException: SQLSTATE[08001]: [Microsoft][ODBC Driver 17 for SQL Server]TCP Provider: The wait operation timed out.
 in C:\inetpub\wwwroot\ambiencia\laravel\vendor\doctrine\dbal\lib\Doctrine\DBAL\Driver\PDOConnection.php:39
Stack trace:
#0 C:\inetpub\wwwroot\ambiencia\laravel\vendor\doctrine\dbal\lib\Doctrine\DBAL\Driver\PDOConnection.php(39): PDO->__construct('sqlsrv:Server=1...', 's553101', 'FoA9C5Sqrc', Array)
#1 C:\inetpub\wwwroot\ambiencia\laravel\vendor\laravel\framework\src\Illuminate\Database\Connectors\Connector.php(67): Doctrine\DBAL\Driver\PDOConnection->__construct('sqlsrv:Server=1...', 's553101', 'FoA9C5Sqrc', Array)
#2 C:\inetpub\wwwroot\ambiencia\laravel\vendor\laravel\framework\src\Illuminate\Database\Connectors\Connector.php(46): Illuminate\Database\Connectors\Connector->createPdoConnection('sqlsrv:Server=1...', 's553101', 'FoA9C5Sqrc', Array)
#3 C:\inetpub\wwwroot\ambiencia\laravel\vendor\laravel\framework\src\Illuminate\Database\Connectors\SqlServerConnector.php(32): Illuminate\D in C:\inetpub\wwwroot\ambiencia\laravel\vendor\doctrine\dbal\lib\Doctrine\DBAL\Driver\PDOConnection.php on line 39
[14-Jun-2021 11:34:26 America/Sao_Paulo] PHP Fatal error:  Maximum execution time of 30 seconds exceeded in C:\inetpub\wwwroot\ambiencia\laravel\vendor\doctrine\dbal\lib\Doctrine\DBAL\Driver\PDOConnection.php on line 42
[16-Jun-2021 10:53:54 America/Sao_Paulo] PHP Warning:  Uncaught PDOException: SQLSTATE[08001]: [Microsoft][ODBC Driver 17 for SQL Server]TCP Provider: The wait operation timed out.
 in C:\inetpub\wwwroot\ambiencia\laravel\vendor\doctrine\dbal\lib\Doctrine\DBAL\Driver\PDOConnection.php:39
Stack trace:
#0 C:\inetpub\wwwroot\ambiencia\laravel\vendor\doctrine\dbal\lib\Doctrine\DBAL\Driver\PDOConnection.php(39): PDO->__construct('sqlsrv:Server=1...', 's553101', 'FoA9C5Sqrc', Array)
#1 C:\inetpub\wwwroot\ambiencia\laravel\vendor\laravel\framework\src\Illuminate\Database\Connectors\Connector.php(67): Doctrine\DBAL\Driver\PDOConnection->__construct('sqlsrv:Server=1...', 's553101', 'FoA9C5Sqrc', Array)
#2 C:\inetpub\wwwroot\ambiencia\laravel\vendor\laravel\framework\src\Illuminate\Database\Connectors\Connector.php(46): Illuminate\Database\Connectors\Connector->createPdoConnection('sqlsrv:Server=1...', 's553101', 'FoA9C5Sqrc', Array)
#3 C:\inetpub\wwwroot\ambiencia\laravel\vendor\laravel\framework\src\Illuminate\Database\Connectors\SqlServerConnector.php(32): Illuminate\D in C:\inetpub\wwwroot\ambiencia\laravel\vendor\doctrine\dbal\lib\Doctrine\DBAL\Driver\PDOConnection.php on line 39
[16-Jun-2021 10:53:54 America/Sao_Paulo] PHP Fatal error:  Maximum execution time of 30 seconds exceeded in C:\inetpub\wwwroot\ambiencia\laravel\vendor\doctrine\dbal\lib\Doctrine\DBAL\Driver\PDOConnection.php on line 42
[16-Jun-2021 12:39:05 America/Sao_Paulo] PHP Warning:  Uncaught PDOException: SQLSTATE[08001]: [Microsoft][ODBC Driver 17 for SQL Server]TCP Provider: The wait operation timed out.
 in C:\inetpub\wwwroot\ambiencia\laravel\vendor\doctrine\dbal\lib\Doctrine\DBAL\Driver\PDOConnection.php:39
Stack trace:
#0 C:\inetpub\wwwroot\ambiencia\laravel\vendor\doctrine\dbal\lib\Doctrine\DBAL\Driver\PDOConnection.php(39): PDO->__construct('sqlsrv:Server=1...', 's553101', 'FoA9C5Sqrc', Array)
#1 C:\inetpub\wwwroot\ambiencia\laravel\vendor\laravel\framework\src\Illuminate\Database\Connectors\Connector.php(67): Doctrine\DBAL\Driver\PDOConnection->__construct('sqlsrv:Server=1...', 's553101', 'FoA9C5Sqrc', Array)
#2 C:\inetpub\wwwroot\ambiencia\laravel\vendor\laravel\framework\src\Illuminate\Database\Connectors\Connector.php(46): Illuminate\Database\Connectors\Connector->createPdoConnection('sqlsrv:Server=1...', 's553101', 'FoA9C5Sqrc', Array)
#3 C:\inetpub\wwwroot\ambiencia\laravel\vendor\laravel\framework\src\Illuminate\Database\Connectors\SqlServerConnector.php(32): Illuminate\D in C:\inetpub\wwwroot\ambiencia\laravel\vendor\doctrine\dbal\lib\Doctrine\DBAL\Driver\PDOConnection.php on line 39
[16-Jun-2021 12:39:05 America/Sao_Paulo] PHP Fatal error:  Maximum execution time of 30 seconds exceeded in C:\inetpub\wwwroot\ambiencia\laravel\vendor\doctrine\dbal\lib\Doctrine\DBAL\Driver\PDOConnection.php on line 42
[18-Jun-2021 10:47:09 America/Sao_Paulo] PHP Warning:  Uncaught PDOException: SQLSTATE[08001]: [Microsoft][ODBC Driver 17 for SQL Server]TCP Provider: The wait operation timed out.
 in C:\inetpub\wwwroot\ambiencia\laravel\vendor\doctrine\dbal\lib\Doctrine\DBAL\Driver\PDOConnection.php:39
Stack trace:
#0 C:\inetpub\wwwroot\ambiencia\laravel\vendor\doctrine\dbal\lib\Doctrine\DBAL\Driver\PDOConnection.php(39): PDO->__construct('sqlsrv:Server=1...', 's553101', 'FoA9C5Sqrc', Array)
#1 C:\inetpub\wwwroot\ambiencia\laravel\vendor\laravel\framework\src\Illuminate\Database\Connectors\Connector.php(67): Doctrine\DBAL\Driver\PDOConnection->__construct('sqlsrv:Server=1...', 's553101', 'FoA9C5Sqrc', Array)
#2 C:\inetpub\wwwroot\ambiencia\laravel\vendor\laravel\framework\src\Illuminate\Database\Connectors\Connector.php(46): Illuminate\Database\Connectors\Connector->createPdoConnection('sqlsrv:Server=1...', 's553101', 'FoA9C5Sqrc', Array)
#3 C:\inetpub\wwwroot\ambiencia\laravel\vendor\laravel\framework\src\Illuminate\Database\Connectors\SqlServerConnector.php(32): Illuminate\D in C:\inetpub\wwwroot\ambiencia\laravel\vendor\doctrine\dbal\lib\Doctrine\DBAL\Driver\PDOConnection.php on line 39
[18-Jun-2021 10:47:09 America/Sao_Paulo] PHP Fatal error:  Maximum execution time of 30 seconds exceeded in C:\inetpub\wwwroot\ambiencia\laravel\vendor\doctrine\dbal\lib\Doctrine\DBAL\Driver\PDOConnection.php on line 42
[18-Jun-2021 15:49:21 America/Sao_Paulo] PHP Warning:  Uncaught PDOException: SQLSTATE[08001]: [Microsoft][ODBC Driver 17 for SQL Server]TCP Provider: The wait operation timed out.
 in C:\inetpub\wwwroot\ambiencia\laravel\vendor\doctrine\dbal\lib\Doctrine\DBAL\Driver\PDOConnection.php:39
Stack trace:
#0 C:\inetpub\wwwroot\ambiencia\laravel\vendor\doctrine\dbal\lib\Doctrine\DBAL\Driver\PDOConnection.php(39): PDO->__construct('sqlsrv:Server=1...', 's553101', 'FoA9C5Sqrc', Array)
#1 C:\inetpub\wwwroot\ambiencia\laravel\vendor\laravel\framework\src\Illuminate\Database\Connectors\Connector.php(67): Doctrine\DBAL\Driver\PDOConnection->__construct('sqlsrv:Server=1...', 's553101', 'FoA9C5Sqrc', Array)
#2 C:\inetpub\wwwroot\ambiencia\laravel\vendor\laravel\framework\src\Illuminate\Database\Connectors\Connector.php(46): Illuminate\Database\Connectors\Connector->createPdoConnection('sqlsrv:Server=1...', 's553101', 'FoA9C5Sqrc', Array)
#3 C:\inetpub\wwwroot\ambiencia\laravel\vendor\laravel\framework\src\Illuminate\Database\Connectors\SqlServerConnector.php(32): Illuminate\D in C:\inetpub\wwwroot\ambiencia\laravel\vendor\doctrine\dbal\lib\Doctrine\DBAL\Driver\PDOConnection.php on line 39
[18-Jun-2021 15:49:21 America/Sao_Paulo] PHP Fatal error:  Maximum execution time of 30 seconds exceeded in C:\inetpub\wwwroot\ambiencia\laravel\vendor\doctrine\dbal\lib\Doctrine\DBAL\Driver\PDOConnection.php on line 42
[18-Jun-2021 16:11:53 America/Sao_Paulo] PHP Warning:  Uncaught PDOException: SQLSTATE[08001]: [Microsoft][ODBC Driver 17 for SQL Server]TCP Provider: The wait operation timed out.
 in C:\inetpub\wwwroot\ambiencia\laravel\vendor\doctrine\dbal\lib\Doctrine\DBAL\Driver\PDOConnection.php:39
Stack trace:
#0 C:\inetpub\wwwroot\ambiencia\laravel\vendor\doctrine\dbal\lib\Doctrine\DBAL\Driver\PDOConnection.php(39): PDO->__construct('sqlsrv:Server=1...', 's553101', 'FoA9C5Sqrc', Array)
#1 C:\inetpub\wwwroot\ambiencia\laravel\vendor\laravel\framework\src\Illuminate\Database\Connectors\Connector.php(67): Doctrine\DBAL\Driver\PDOConnection->__construct('sqlsrv:Server=1...', 's553101', 'FoA9C5Sqrc', Array)
#2 C:\inetpub\wwwroot\ambiencia\laravel\vendor\laravel\framework\src\Illuminate\Database\Connectors\Connector.php(46): Illuminate\Database\Connectors\Connector->createPdoConnection('sqlsrv:Server=1...', 's553101', 'FoA9C5Sqrc', Array)
#3 C:\inetpub\wwwroot\ambiencia\laravel\vendor\laravel\framework\src\Illuminate\Database\Connectors\SqlServerConnector.php(32): Illuminate\D in C:\inetpub\wwwroot\ambiencia\laravel\vendor\doctrine\dbal\lib\Doctrine\DBAL\Driver\PDOConnection.php on line 39
[18-Jun-2021 16:11:53 America/Sao_Paulo] PHP Fatal error:  Maximum execution time of 30 seconds exceeded in C:\inetpub\wwwroot\ambiencia\laravel\vendor\doctrine\dbal\lib\Doctrine\DBAL\Driver\PDOConnection.php on line 42
[22-Jun-2021 13:02:05 America/Sao_Paulo] PHP Warning:  Uncaught PDOException: SQLSTATE[08001]: [Microsoft][ODBC Driver 17 for SQL Server]TCP Provider: The wait operation timed out.
 in C:\inetpub\wwwroot\ambiencia\laravel\vendor\doctrine\dbal\lib\Doctrine\DBAL\Driver\PDOConnection.php:39
Stack trace:
#0 C:\inetpub\wwwroot\ambiencia\laravel\vendor\doctrine\dbal\lib\Doctrine\DBAL\Driver\PDOConnection.php(39): PDO->__construct('sqlsrv:Server=1...', 's553101', 'FoA9C5Sqrc', Array)
#1 C:\inetpub\wwwroot\ambiencia\laravel\vendor\laravel\framework\src\Illuminate\Database\Connectors\Connector.php(67): Doctrine\DBAL\Driver\PDOConnection->__construct('sqlsrv:Server=1...', 's553101', 'FoA9C5Sqrc', Array)
#2 C:\inetpub\wwwroot\ambiencia\laravel\vendor\laravel\framework\src\Illuminate\Database\Connectors\Connector.php(46): Illuminate\Database\Connectors\Connector->createPdoConnection('sqlsrv:Server=1...', 's553101', 'FoA9C5Sqrc', Array)
#3 C:\inetpub\wwwroot\ambiencia\laravel\vendor\laravel\framework\src\Illuminate\Database\Connectors\SqlServerConnector.php(32): Illuminate\D in C:\inetpub\wwwroot\ambiencia\laravel\vendor\doctrine\dbal\lib\Doctrine\DBAL\Driver\PDOConnection.php on line 39
[22-Jun-2021 13:02:05 America/Sao_Paulo] PHP Fatal error:  Maximum execution time of 30 seconds exceeded in C:\inetpub\wwwroot\ambiencia\laravel\vendor\doctrine\dbal\lib\Doctrine\DBAL\Driver\PDOConnection.php on line 42
[22-Jun-2021 15:08:54 America/Sao_Paulo] PHP Warning:  Uncaught PDOException: SQLSTATE[08001]: [Microsoft][ODBC Driver 17 for SQL Server]TCP Provider: The wait operation timed out.
 in C:\inetpub\wwwroot\ambiencia\laravel\vendor\doctrine\dbal\lib\Doctrine\DBAL\Driver\PDOConnection.php:39
Stack trace:
#0 C:\inetpub\wwwroot\ambiencia\laravel\vendor\doctrine\dbal\lib\Doctrine\DBAL\Driver\PDOConnection.php(39): PDO->__construct('sqlsrv:Server=1...', 's553101', 'FoA9C5Sqrc', Array)
#1 C:\inetpub\wwwroot\ambiencia\laravel\vendor\laravel\framework\src\Illuminate\Database\Connectors\Connector.php(67): Doctrine\DBAL\Driver\PDOConnection->__construct('sqlsrv:Server=1...', 's553101', 'FoA9C5Sqrc', Array)
#2 C:\inetpub\wwwroot\ambiencia\laravel\vendor\laravel\framework\src\Illuminate\Database\Connectors\Connector.php(46): Illuminate\Database\Connectors\Connector->createPdoConnection('sqlsrv:Server=1...', 's553101', 'FoA9C5Sqrc', Array)
#3 C:\inetpub\wwwroot\ambiencia\laravel\vendor\laravel\framework\src\Illuminate\Database\Connectors\SqlServerConnector.php(32): Illuminate\D in C:\inetpub\wwwroot\ambiencia\laravel\vendor\doctrine\dbal\lib\Doctrine\DBAL\Driver\PDOConnection.php on line 39
[22-Jun-2021 15:08:54 America/Sao_Paulo] PHP Fatal error:  Maximum execution time of 30 seconds exceeded in C:\inetpub\wwwroot\ambiencia\laravel\vendor\doctrine\dbal\lib\Doctrine\DBAL\Driver\PDOConnection.php on line 42
[22-Jun-2021 15:41:49 America/Sao_Paulo] PHP Warning:  Uncaught PDOException: SQLSTATE[08001]: [Microsoft][ODBC Driver 17 for SQL Server]TCP Provider: The wait operation timed out.
 in C:\inetpub\wwwroot\ambiencia\laravel\vendor\doctrine\dbal\lib\Doctrine\DBAL\Driver\PDOConnection.php:39
Stack trace:
#0 C:\inetpub\wwwroot\ambiencia\laravel\vendor\doctrine\dbal\lib\Doctrine\DBAL\Driver\PDOConnection.php(39): PDO->__construct('sqlsrv:Server=1...', 's553101', 'FoA9C5Sqrc', Array)
#1 C:\inetpub\wwwroot\ambiencia\laravel\vendor\laravel\framework\src\Illuminate\Database\Connectors\Connector.php(67): Doctrine\DBAL\Driver\PDOConnection->__construct('sqlsrv:Server=1...', 's553101', 'FoA9C5Sqrc', Array)
#2 C:\inetpub\wwwroot\ambiencia\laravel\vendor\laravel\framework\src\Illuminate\Database\Connectors\Connector.php(46): Illuminate\Database\Connectors\Connector->createPdoConnection('sqlsrv:Server=1...', 's553101', 'FoA9C5Sqrc', Array)
#3 C:\inetpub\wwwroot\ambiencia\laravel\vendor\laravel\framework\src\Illuminate\Database\Connectors\SqlServerConnector.php(32): Illuminate\D in C:\inetpub\wwwroot\ambiencia\laravel\vendor\doctrine\dbal\lib\Doctrine\DBAL\Driver\PDOConnection.php on line 39
[22-Jun-2021 15:41:49 America/Sao_Paulo] PHP Fatal error:  Maximum execution time of 30 seconds exceeded in C:\inetpub\wwwroot\ambiencia\laravel\vendor\doctrine\dbal\lib\Doctrine\DBAL\Driver\PDOConnection.php on line 42
[22-Jun-2021 15:42:58 America/Sao_Paulo] PHP Warning:  Uncaught PDOException: SQLSTATE[08001]: [Microsoft][ODBC Driver 17 for SQL Server]TCP Provider: The wait operation timed out.
 in C:\inetpub\wwwroot\ambiencia\laravel\vendor\doctrine\dbal\lib\Doctrine\DBAL\Driver\PDOConnection.php:39
Stack trace:
#0 C:\inetpub\wwwroot\ambiencia\laravel\vendor\doctrine\dbal\lib\Doctrine\DBAL\Driver\PDOConnection.php(39): PDO->__construct('sqlsrv:Server=1...', 's553101', 'FoA9C5Sqrc', Array)
#1 C:\inetpub\wwwroot\ambiencia\laravel\vendor\laravel\framework\src\Illuminate\Database\Connectors\Connector.php(67): Doctrine\DBAL\Driver\PDOConnection->__construct('sqlsrv:Server=1...', 's553101', 'FoA9C5Sqrc', Array)
#2 C:\inetpub\wwwroot\ambiencia\laravel\vendor\laravel\framework\src\Illuminate\Database\Connectors\Connector.php(46): Illuminate\Database\Connectors\Connector->createPdoConnection('sqlsrv:Server=1...', 's553101', 'FoA9C5Sqrc', Array)
#3 C:\inetpub\wwwroot\ambiencia\laravel\vendor\laravel\framework\src\Illuminate\Database\Connectors\SqlServerConnector.php(32): Illuminate\D in C:\inetpub\wwwroot\ambiencia\laravel\vendor\doctrine\dbal\lib\Doctrine\DBAL\Driver\PDOConnection.php on line 39
[22-Jun-2021 15:42:58 America/Sao_Paulo] PHP Fatal error:  Maximum execution time of 30 seconds exceeded in C:\inetpub\wwwroot\ambiencia\laravel\vendor\doctrine\dbal\lib\Doctrine\DBAL\Driver\PDOConnection.php on line 42
[23-Jun-2021 06:27:23 America/Sao_Paulo] PHP Warning:  Uncaught PDOException: SQLSTATE[08001]: [Microsoft][ODBC Driver 17 for SQL Server]TCP Provider: The wait operation timed out.
 in C:\inetpub\wwwroot\ambiencia\laravel\vendor\doctrine\dbal\lib\Doctrine\DBAL\Driver\PDOConnection.php:39
Stack trace:
#0 C:\inetpub\wwwroot\ambiencia\laravel\vendor\doctrine\dbal\lib\Doctrine\DBAL\Driver\PDOConnection.php(39): PDO->__construct('sqlsrv:Server=1...', 's553101', 'FoA9C5Sqrc', Array)
#1 C:\inetpub\wwwroot\ambiencia\laravel\vendor\laravel\framework\src\Illuminate\Database\Connectors\Connector.php(67): Doctrine\DBAL\Driver\PDOConnection->__construct('sqlsrv:Server=1...', 's553101', 'FoA9C5Sqrc', Array)
#2 C:\inetpub\wwwroot\ambiencia\laravel\vendor\laravel\framework\src\Illuminate\Database\Connectors\Connector.php(46): Illuminate\Database\Connectors\Connector->createPdoConnection('sqlsrv:Server=1...', 's553101', 'FoA9C5Sqrc', Array)
#3 C:\inetpub\wwwroot\ambiencia\laravel\vendor\laravel\framework\src\Illuminate\Database\Connectors\SqlServerConnector.php(32): Illuminate\D in C:\inetpub\wwwroot\ambiencia\laravel\vendor\doctrine\dbal\lib\Doctrine\DBAL\Driver\PDOConnection.php on line 39
[23-Jun-2021 06:27:23 America/Sao_Paulo] PHP Fatal error:  Maximum execution time of 30 seconds exceeded in C:\inetpub\wwwroot\ambiencia\laravel\vendor\doctrine\dbal\lib\Doctrine\DBAL\Driver\PDOConnection.php on line 42
[23-Jun-2021 12:06:28 America/Sao_Paulo] PHP Fatal error:  Allowed memory size of 134217728 bytes exhausted (tried to allocate 20480 bytes) in C:\inetpub\wwwroot\ambiencia\laravel\vendor\doctrine\dbal\lib\Doctrine\DBAL\Driver\PDOStatement.php on line 255
[23-Jun-2021 12:06:57 America/Sao_Paulo] PHP Fatal error:  Allowed memory size of 134217728 bytes exhausted (tried to allocate 20480 bytes) in C:\inetpub\wwwroot\ambiencia\laravel\vendor\doctrine\dbal\lib\Doctrine\DBAL\Driver\PDOStatement.php on line 255
[23-Jun-2021 12:07:24 America/Sao_Paulo] PHP Fatal error:  Allowed memory size of 134217728 bytes exhausted (tried to allocate 20480 bytes) in C:\inetpub\wwwroot\ambiencia\laravel\vendor\doctrine\dbal\lib\Doctrine\DBAL\Driver\PDOStatement.php on line 255
[23-Jun-2021 12:08:20 America/Sao_Paulo] PHP Fatal error:  Maximum execution time of 30 seconds exceeded in C:\inetpub\wwwroot\ambiencia\laravel\vendor\doctrine\dbal\lib\Doctrine\DBAL\Driver\PDOStatement.php on line 112
[23-Jun-2021 12:09:21 America/Sao_Paulo] PHP Fatal error:  Maximum execution time of 30 seconds exceeded in C:\inetpub\wwwroot\ambiencia\laravel\vendor\doctrine\dbal\lib\Doctrine\DBAL\Driver\PDOStatement.php on line 112
[23-Jun-2021 12:10:02 America/Sao_Paulo] PHP Fatal error:  Maximum execution time of 30 seconds exceeded in C:\inetpub\wwwroot\ambiencia\laravel\vendor\doctrine\dbal\lib\Doctrine\DBAL\Driver\PDOStatement.php on line 112
[23-Jun-2021 12:26:31 America/Sao_Paulo] PHP Fatal error:  Can't use method return value in write context in C:\inetpub\wwwroot\ambiencia\laravel\storage\framework\views\58e558729272d7972004b0cb62162310842fb79c.php on line 31
[23-Jun-2021 12:27:49 America/Sao_Paulo] PHP Fatal error:  Can't use method return value in write context in C:\inetpub\wwwroot\ambiencia\laravel\storage\framework\views\58e558729272d7972004b0cb62162310842fb79c.php on line 31
[23-Jun-2021 16:08:14 America/Sao_Paulo] PHP Warning:  Uncaught PDOException: SQLSTATE[08001]: [Microsoft][ODBC Driver 17 for SQL Server]TCP Provider: The wait operation timed out.
 in C:\inetpub\wwwroot\ambiencia\laravel\vendor\doctrine\dbal\lib\Doctrine\DBAL\Driver\PDOConnection.php:39
Stack trace:
#0 C:\inetpub\wwwroot\ambiencia\laravel\vendor\doctrine\dbal\lib\Doctrine\DBAL\Driver\PDOConnection.php(39): PDO->__construct('sqlsrv:Server=1...', 's553101', 'FoA9C5Sqrc', Array)
#1 C:\inetpub\wwwroot\ambiencia\laravel\vendor\laravel\framework\src\Illuminate\Database\Connectors\Connector.php(67): Doctrine\DBAL\Driver\PDOConnection->__construct('sqlsrv:Server=1...', 's553101', 'FoA9C5Sqrc', Array)
#2 C:\inetpub\wwwroot\ambiencia\laravel\vendor\laravel\framework\src\Illuminate\Database\Connectors\Connector.php(46): Illuminate\Database\Connectors\Connector->createPdoConnection('sqlsrv:Server=1...', 's553101', 'FoA9C5Sqrc', Array)
#3 C:\inetpub\wwwroot\ambiencia\laravel\vendor\laravel\framework\src\Illuminate\Database\Connectors\SqlServerConnector.php(32): Illuminate\D in C:\inetpub\wwwroot\ambiencia\laravel\vendor\doctrine\dbal\lib\Doctrine\DBAL\Driver\PDOConnection.php on line 39
[23-Jun-2021 16:08:14 America/Sao_Paulo] PHP Fatal error:  Maximum execution time of 30 seconds exceeded in C:\inetpub\wwwroot\ambiencia\laravel\vendor\doctrine\dbal\lib\Doctrine\DBAL\Driver\PDOConnection.php on line 42
[25-Jun-2021 14:47:06 America/Sao_Paulo] PHP Warning:  Uncaught PDOException: SQLSTATE[08001]: [Microsoft][ODBC Driver 17 for SQL Server]TCP Provider: The wait operation timed out.
 in C:\inetpub\wwwroot\ambiencia\laravel\vendor\doctrine\dbal\lib\Doctrine\DBAL\Driver\PDOConnection.php:39
Stack trace:
#0 C:\inetpub\wwwroot\ambiencia\laravel\vendor\doctrine\dbal\lib\Doctrine\DBAL\Driver\PDOConnection.php(39): PDO->__construct('sqlsrv:Server=1...', 's553101', 'FoA9C5Sqrc', Array)
#1 C:\inetpub\wwwroot\ambiencia\laravel\vendor\laravel\framework\src\Illuminate\Database\Connectors\Connector.php(67): Doctrine\DBAL\Driver\PDOConnection->__construct('sqlsrv:Server=1...', 's553101', 'FoA9C5Sqrc', Array)
#2 C:\inetpub\wwwroot\ambiencia\laravel\vendor\laravel\framework\src\Illuminate\Database\Connectors\Connector.php(46): Illuminate\Database\Connectors\Connector->createPdoConnection('sqlsrv:Server=1...', 's553101', 'FoA9C5Sqrc', Array)
#3 C:\inetpub\wwwroot\ambiencia\laravel\vendor\laravel\framework\src\Illuminate\Database\Connectors\SqlServerConnector.php(32): Illuminate\D in C:\inetpub\wwwroot\ambiencia\laravel\vendor\doctrine\dbal\lib\Doctrine\DBAL\Driver\PDOConnection.php on line 39
[25-Jun-2021 14:47:06 America/Sao_Paulo] PHP Fatal error:  Maximum execution time of 30 seconds exceeded in C:\inetpub\wwwroot\ambiencia\laravel\vendor\doctrine\dbal\lib\Doctrine\DBAL\Driver\PDOConnection.php on line 42
[25-Jun-2021 17:18:47 America/Sao_Paulo] PHP Warning:  Uncaught PDOException: SQLSTATE[08001]: [Microsoft][ODBC Driver 17 for SQL Server]TCP Provider: The wait operation timed out.
 in C:\inetpub\wwwroot\ambiencia\laravel\vendor\doctrine\dbal\lib\Doctrine\DBAL\Driver\PDOConnection.php:39
Stack trace:
#0 C:\inetpub\wwwroot\ambiencia\laravel\vendor\doctrine\dbal\lib\Doctrine\DBAL\Driver\PDOConnection.php(39): PDO->__construct('sqlsrv:Server=1...', 's553101', 'FoA9C5Sqrc', Array)
#1 C:\inetpub\wwwroot\ambiencia\laravel\vendor\laravel\framework\src\Illuminate\Database\Connectors\Connector.php(67): Doctrine\DBAL\Driver\PDOConnection->__construct('sqlsrv:Server=1...', 's553101', 'FoA9C5Sqrc', Array)
#2 C:\inetpub\wwwroot\ambiencia\laravel\vendor\laravel\framework\src\Illuminate\Database\Connectors\Connector.php(46): Illuminate\Database\Connectors\Connector->createPdoConnection('sqlsrv:Server=1...', 's553101', 'FoA9C5Sqrc', Array)
#3 C:\inetpub\wwwroot\ambiencia\laravel\vendor\laravel\framework\src\Illuminate\Database\Connectors\SqlServerConnector.php(32): Illuminate\D in C:\inetpub\wwwroot\ambiencia\laravel\vendor\doctrine\dbal\lib\Doctrine\DBAL\Driver\PDOConnection.php on line 39
[25-Jun-2021 17:18:47 America/Sao_Paulo] PHP Fatal error:  Maximum execution time of 30 seconds exceeded in C:\inetpub\wwwroot\ambiencia\laravel\vendor\doctrine\dbal\lib\Doctrine\DBAL\Driver\PDOConnection.php on line 42
[29-Jun-2021 15:31:10 America/Sao_Paulo] PHP Fatal error:  Trait 'App\Models\SoftDeletes' not found in C:\inetpub\wwwroot\ambiencia\laravel\app\Models\Agendamento.php on line 14
